remove mkl/2017.4 (LD_LIBRARY_PATH) 
remove impi/2017.4 (PATH, MANPATH, LD_LIBRARY_PATH) 
load SINGULARITY/3.5.2 (PATH) 
./sugarScape_escalable: error while loading shared libraries: libpandora.so: cannot open shared object file: No such file or directory
chown: changing ownership of 'Outputs/flocking/4800-3-9-3-5.00-3.00-1.50.csv': Operation not permitted
chown: changing ownership of 'Outputs/flocking/4800-1-3-1-5.00-3.00-1.50.csv': Operation not permitted
chown: changing ownership of 'Outputs/flocking/2400-1-3-1-5.00-3.00-1.50.csv': Operation not permitted
chown: changing ownership of 'Outputs/flocking/600-1-3-1-5.00-3.00-1.50.csv': Operation not permitted
chown: changing ownership of 'Outputs/flocking/300-1-3-3-5.00-3.00-1.50.csv': Operation not permitted
chown: changing ownership of 'Outputs/flocking/300-1-9-1-5.00-3.00-1.50.csv': Operation not permitted
chown: changing ownership of 'Outputs/flocking/1200-1-3-1-5.00-3.00-1.50.csv': Operation not permitted
chown: changing ownership of 'Outputs/flocking/300-1-3-1-5.00-3.00-1.50.csv': Operation not permitted
chown: changing ownership of 'Outputs/flocking/300-3-3-1-5.00-3.00-1.50.csv': Operation not permitted
chown: changing ownership of 'Outputs/flocking': Operation not permitted
chown: changing ownership of 'Outputs/segregation/0.5-0.9-0.5-3-5.csv': Operation not permitted
chown: changing ownership of 'Outputs/segregation/0.4-0.7-0.5-3-5.csv': Operation not permitted
chown: changing ownership of 'Outputs/segregation/0.9-0.7-0.5-3-5.csv': Operation not permitted
chown: changing ownership of 'Outputs/segregation/0.75-0.9-0.5-9-15.csv': Operation not permitted
chown: changing ownership of 'Outputs/segregation/0.3-0.9-0.5-9-15.csv': Operation not permitted
chown: changing ownership of 'Outputs/segregation/0.5-0.7-0.5-3-5.csv': Operation not permitted
chown: changing ownership of 'Outputs/segregation/0.8-0.7-0.5-3-5.csv': Operation not permitted
chown: changing ownership of 'Outputs/segregation/0.1-0.7-0.5-3-5.csv': Operation not permitted
chown: changing ownership of 'Outputs/segregation/0.75-0.7-0.5-3-5.csv': Operation not permitted
chown: changing ownership of 'Outputs/segregation/0.5-0.7-0.5-3-15.csv': Operation not permitted
chown: changing ownership of 'Outputs/segregation/0.3-0.7-0.5-3-5.csv': Operation not permitted
chown: changing ownership of 'Outputs/segregation/0.5-0.7-0.5-9-5.csv': Operation not permitted
chown: changing ownership of 'Outputs/segregation': Operation not permitted
chown: changing ownership of 'Outputs/stupidModel/9900-10-1-0.7-1.csv': Operation not permitted
chown: changing ownership of 'Outputs/stupidModel/300-10-1-0.7-1.csv': Operation not permitted
chown: changing ownership of 'Outputs/stupidModel/9900-30-3-0.7-3.csv': Operation not permitted
chown: changing ownership of 'Outputs/stupidModel/300-10-3-0.7-1.csv': Operation not permitted
chown: changing ownership of 'Outputs/stupidModel/300-10-1-0.7-3.csv': Operation not permitted
chown: changing ownership of 'Outputs/stupidModel/300-30-1-0.7-1.csv': Operation not permitted
chown: changing ownership of 'Outputs/stupidModel': Operation not permitted
chown: changing ownership of 'Outputs/sugarScape_escalable-SET1/50-50-250-50-250-1-6-1-4-60-100.csv': Operation not permitted
chown: changing ownership of 'Outputs/sugarScape_escalable-SET1/1000-1000-800000-5-25-20-120-1-4-60-100.csv': Operation not permitted
chown: changing ownership of 'Outputs/sugarScape_escalable-SET1/50-50-250-5-25-1-6-1-4-60-100.csv': Operation not permitted
chown: changing ownership of 'Outputs/sugarScape_escalable-SET1/100-100-8000-5-25-2-12-1-4-60-100.csv': Operation not permitted
chown: changing ownership of 'Outputs/sugarScape_escalable-SET1/50-50-250-5-25-1-6-10-40-60-100.csv': Operation not permitted
chown: changing ownership of 'Outputs/sugarScape_escalable-SET1/1000-1000-800000-50-250-20-120-10-40-60-100.csv': Operation not permitted
chown: changing ownership of 'Outputs/sugarScape_escalable-SET1': Operation not permitted
chown: changing ownership of 'Outputs/sugarScape_escalable-SET2/50-50-100-5-25-1-6-1-4-60-100.csv': Operation not permitted
chown: changing ownership of 'Outputs/sugarScape_escalable-SET2/50-50-250-5-25-1-6-1-4-60-100.csv': Operation not permitted
chown: changing ownership of 'Outputs/sugarScape_escalable-SET2/50-50-1500-5-25-1-6-1-4-60-100.csv': Operation not permitted
chown: changing ownership of 'Outputs/sugarScape_escalable-SET2/50-50-500-5-25-1-6-1-4-60-100.csv': Operation not permitted
chown: changing ownership of 'Outputs/sugarScape_escalable-SET2/50-50-2000-5-25-1-6-1-4-60-100.csv': Operation not permitted
chown: changing ownership of 'Outputs/sugarScape_escalable-SET2/50-50-1000-5-25-1-6-1-4-60-100.csv': Operation not permitted
chown: changing ownership of 'Outputs/sugarScape_escalable-SET2': Operation not permitted
